<?xml version="1.0" encoding="UTF-8"?>
<!-- Generated by org.testng.reporters.JUnitReportReporter -->
<testsuite skipped="0" hostname="DESKTOP-SSDB8K5" name="org.sampletest.ParallelChrome" tests="1" failures="0" timestamp="11 May 2022 16:45:15 GMT" time="0.110" errors="0">
  <testcase name="tco01" time="0.110" classname="org.sampletest.ParallelChrome"/>
</testsuite> <!-- org.sampletest.ParallelChrome -->
