<?xml version="1.0" encoding="UTF-8"?>
<!-- Generated by org.testng.reporters.JUnitReportReporter -->
<testsuite skipped="0" hostname="DESKTOP-SSDB8K5" name="org.sample.Rerun" tests="5" failures="0" timestamp="19 May 2022 09:33:30 GMT" time="0.017" errors="0">
  <testcase name="tc2" time="0.001" classname="org.sample.Rerun"/>
  <testcase name="tc1" time="0.001" classname="org.sample.Rerun"/>
  <testcase name="tc0" time="0.012" classname="org.sample.Rerun"/>
  <testcase name="tc3" time="0.002" classname="org.sample.Rerun"/>
  <testcase name="tc5" time="0.001" classname="org.sample.Rerun"/>
</testsuite> <!-- org.sample.Rerun -->
