<?xml version="1.0" encoding="UTF-8"?>
<!-- Generated by org.testng.reporters.JUnitReportReporter -->
<testsuite skipped="0" hostname="DESKTOP-SSDB8K5" name="org.sampletest.DP" tests="3" failures="0" timestamp="11 May 2022 16:01:38 GMT" time="16.751" errors="0">
  <testcase name="tc0" time="3.215" classname="org.sampletest.DP"/>
  <testcase name="tc0" time="10.114" classname="org.sampletest.DP"/>
  <testcase name="tc0" time="3.422" classname="org.sampletest.DP"/>
</testsuite> <!-- org.sampletest.DP -->
