<?xml version="1.0" encoding="UTF-8"?>
<!-- Generated by org.testng.reporters.JUnitReportReporter -->
<testsuite skipped="0" hostname="DESKTOP-SSDB8K5" name="org.sampletest.DependsOnGroup" tests="5" failures="0" timestamp="19 May 2022 09:33:30 GMT" time="0.006" errors="0">
  <testcase name="tc3" time="0.001" classname="org.sampletest.DependsOnGroup"/>
  <testcase name="tc1" time="0.002" classname="org.sampletest.DependsOnGroup"/>
  <testcase name="tc2" time="0.001" classname="org.sampletest.DependsOnGroup"/>
  <testcase name="tc5" time="0.001" classname="org.sampletest.DependsOnGroup"/>
  <testcase name="tc0" time="0.001" classname="org.sampletest.DependsOnGroup"/>
</testsuite> <!-- org.sampletest.DependsOnGroup -->
